  2015-09-29 19:00:58,376 [main] INFO  [org.springframework.test.context.support.DefaultTestContextBootstrapper:181] - Using TestExecutionListeners: [org.springframework.test.context.web.ServletTestExecutionListener@7e9ffe3f, org.springframework.test.context.support.DependencyInjectionTestExecutionListener@39ed1b0b, org.springframework.test.context.support.DirtiesContextTestExecutionListener@7d8a8ce2]
  2015-09-29 19:00:58,842 [main] INFO  [org.springframework.beans.factory.xml.XmlBeanDefinitionReader:317] - Loading XML bean definitions from class path resource [applicationContext-core.xml]
  2015-09-29 19:00:59,434 [main] INFO  [org.springframework.context.support.GenericApplicationContext:510] - Refreshing org.springframework.context.support.GenericApplicationContext@3677eaf8: startup date [Tue Sep 29 19:00:59 CST 2015]; root of context hierarchy
  2015-09-29 19:00:59,904 [main] INFO  [org.springframework.context.support.PostProcessorRegistrationDelegate$BeanPostProcessorChecker:309] - Bean 'portalUserDao' of type [class com.mintour.portal.dao.user.PortalUserDao] is not eligible for getting processed by all BeanPostProcessors (for example: not eligible for auto-proxying)
  2015-09-29 19:00:59,909 [main] INFO  [org.apache.shiro.realm.AuthorizingRealm:248] - No cache or cacheManager properties have been set.  Authorization cache cannot be obtained.
  2015-09-29 19:00:59,909 [main] INFO  [org.springframework.context.support.PostProcessorRegistrationDelegate$BeanPostProcessorChecker:309] - Bean 'systemAuthorizingRealm' of type [class com.mintour.portal.service.common.SystemAuthorizingRealm] is not eligible for getting processed by all BeanPostProcessors (for example: not eligible for auto-proxying)
  2015-09-29 19:00:59,916 [main] INFO  [org.springframework.cache.ehcache.EhCacheManagerFactoryBean:129] - Initializing EhCache CacheManager
  2015-09-29 19:01:00,211 [main] INFO  [org.springframework.context.support.PostProcessorRegistrationDelegate$BeanPostProcessorChecker:309] - Bean 'ehCacheManager' of type [class org.springframework.cache.ehcache.EhCacheManagerFactoryBean] is not eligible for getting processed by all BeanPostProcessors (for example: not eligible for auto-proxying)
  2015-09-29 19:01:00,211 [main] INFO  [org.springframework.context.support.PostProcessorRegistrationDelegate$BeanPostProcessorChecker:309] - Bean 'ehCacheManager' of type [class net.sf.ehcache.CacheManager] is not eligible for getting processed by all BeanPostProcessors (for example: not eligible for auto-proxying)
  2015-09-29 19:01:00,212 [main] INFO  [org.springframework.context.support.PostProcessorRegistrationDelegate$BeanPostProcessorChecker:309] - Bean 'shiroCacheManager' of type [class org.apache.shiro.cache.ehcache.EhCacheManager] is not eligible for getting processed by all BeanPostProcessors (for example: not eligible for auto-proxying)
  2015-09-29 19:01:00,214 [main] INFO  [org.apache.shiro.cache.ehcache.EhCacheManager:159] - Cache with name 'com.mintour.portal.service.common.SystemAuthorizingRealm.authorizationCache' does not yet exist.  Creating now.
  2015-09-29 19:01:01,047 [main] INFO  [org.apache.shiro.cache.ehcache.EhCacheManager:166] - Added EhCache named [com.mintour.portal.service.common.SystemAuthorizingRealm.authorizationCache]
  2015-09-29 19:01:01,048 [main] INFO  [org.springframework.context.support.PostProcessorRegistrationDelegate$BeanPostProcessorChecker:309] - Bean 'securityManager' of type [class org.apache.shiro.web.mgt.DefaultWebSecurityManager] is not eligible for getting processed by all BeanPostProcessors (for example: not eligible for auto-proxying)
  2015-09-29 19:01:01,049 [main] INFO  [org.springframework.context.support.PostProcessorRegistrationDelegate$BeanPostProcessorChecker:309] - Bean 'org.apache.shiro.spring.security.interceptor.AuthorizationAttributeSourceAdvisor#0' of type [class org.apache.shiro.spring.security.interceptor.AuthorizationAttributeSourceAdvisor] is not eligible for getting processed by all BeanPostProcessors (for example: not eligible for auto-proxying)
  2015-09-29 19:01:02,887 [main] WARN  [org.springframework.context.support.GenericApplicationContext:487] - Exception encountered during context initialization - cancelling refresh attempt
org.springframework.beans.factory.BeanCreationException: Error creating bean with name 'couponCodeService': Injection of autowired dependencies failed; nested exception is org.springframework.beans.factory.BeanCreationException: Could not autowire field: private com.mintour.portal.dao.coupon.CouponCodeDao com.mintour.portal.service.coupon.CouponCodeService.couponCodeDao; nested exception is org.springframework.beans.factory.NoSuchBeanDefinitionException: No qualifying bean of type [com.mintour.portal.dao.coupon.CouponCodeDao] found for dependency: expected at least 1 bean which qualifies as autowire candidate for this dependency. Dependency annotations: {@org.springframework.beans.factory.annotation.Autowired(required=true)}
	at org.springframework.beans.factory.annotation.AutowiredAnnotationBeanPostProcessor.postProcessPropertyValues(AutowiredAnnotationBeanPostProcessor.java:334) ~[spring-beans-4.1.1.RELEASE.jar:4.1.1.RELEASE]
	at org.springframework.beans.factory.support.AbstractAutowireCapableBeanFactory.populateBean(AbstractAutowireCapableBeanFactory.java:1204) ~[spring-beans-4.1.1.RELEASE.jar:4.1.1.RELEASE]
	at org.springframework.beans.factory.support.AbstractAutowireCapableBeanFactory.doCreateBean(AbstractAutowireCapableBeanFactory.java:538) ~[spring-beans-4.1.1.RELEASE.jar:4.1.1.RELEASE]
	at org.springframework.beans.factory.support.AbstractAutowireCapableBeanFactory.createBean(AbstractAutowireCapableBeanFactory.java:476) ~[spring-beans-4.1.1.RELEASE.jar:4.1.1.RELEASE]
	at org.springframework.beans.factory.support.AbstractBeanFactory$1.getObject(AbstractBeanFactory.java:302) ~[spring-beans-4.1.1.RELEASE.jar:4.1.1.RELEASE]
	at org.springframework.beans.factory.support.DefaultSingletonBeanRegistry.getSingleton(DefaultSingletonBeanRegistry.java:229) ~[spring-beans-4.1.1.RELEASE.jar:4.1.1.RELEASE]
	at org.springframework.beans.factory.support.AbstractBeanFactory.doGetBean(AbstractBeanFactory.java:298) ~[spring-beans-4.1.1.RELEASE.jar:4.1.1.RELEASE]
	at org.springframework.beans.factory.support.AbstractBeanFactory.getBean(AbstractBeanFactory.java:193) ~[spring-beans-4.1.1.RELEASE.jar:4.1.1.RELEASE]
	at org.springframework.beans.factory.support.DefaultListableBeanFactory.preInstantiateSingletons(DefaultListableBeanFactory.java:725) ~[spring-beans-4.1.1.RELEASE.jar:4.1.1.RELEASE]
	at org.springframework.context.support.AbstractApplicationContext.finishBeanFactoryInitialization(AbstractApplicationContext.java:757) ~[spring-context-4.1.1.RELEASE.jar:4.1.1.RELEASE]
	at org.springframework.context.support.AbstractApplicationContext.refresh(AbstractApplicationContext.java:480) ~[spring-context-4.1.1.RELEASE.jar:4.1.1.RELEASE]
	at org.springframework.test.context.support.AbstractGenericContextLoader.loadContext(AbstractGenericContextLoader.java:125) [spring-test-4.1.1.RELEASE.jar:4.1.1.RELEASE]
	at org.springframework.test.context.support.AbstractGenericContextLoader.loadContext(AbstractGenericContextLoader.java:60) [spring-test-4.1.1.RELEASE.jar:4.1.1.RELEASE]
	at org.springframework.test.context.support.AbstractDelegatingSmartContextLoader.delegateLoading(AbstractDelegatingSmartContextLoader.java:108) [spring-test-4.1.1.RELEASE.jar:4.1.1.RELEASE]
	at org.springframework.test.context.support.AbstractDelegatingSmartContextLoader.loadContext(AbstractDelegatingSmartContextLoader.java:260) [spring-test-4.1.1.RELEASE.jar:4.1.1.RELEASE]
	at org.springframework.test.context.DefaultCacheAwareContextLoaderDelegate.loadContextInternal(DefaultCacheAwareContextLoaderDelegate.java:63) [spring-test-4.1.1.RELEASE.jar:4.1.1.RELEASE]
	at org.springframework.test.context.DefaultCacheAwareContextLoaderDelegate.loadContext(DefaultCacheAwareContextLoaderDelegate.java:83) [spring-test-4.1.1.RELEASE.jar:4.1.1.RELEASE]
	at org.springframework.test.context.DefaultTestContext.getApplicationContext(DefaultTestContext.java:74) [spring-test-4.1.1.RELEASE.jar:4.1.1.RELEASE]
	at org.springframework.test.context.support.DependencyInjectionTestExecutionListener.injectDependencies(DependencyInjectionTestExecutionListener.java:116) [spring-test-4.1.1.RELEASE.jar:4.1.1.RELEASE]
	at org.springframework.test.context.support.DependencyInjectionTestExecutionListener.prepareTestInstance(DependencyInjectionTestExecutionListener.java:82) [spring-test-4.1.1.RELEASE.jar:4.1.1.RELEASE]
	at org.springframework.test.context.TestContextManager.prepareTestInstance(TestContextManager.java:212) [spring-test-4.1.1.RELEASE.jar:4.1.1.RELEASE]
	at org.springframework.test.context.junit4.SpringJUnit4ClassRunner.createTest(SpringJUnit4ClassRunner.java:199) [spring-test-4.1.1.RELEASE.jar:4.1.1.RELEASE]
	at org.springframework.test.context.junit4.SpringJUnit4ClassRunner$1.runReflectiveCall(SpringJUnit4ClassRunner.java:251) [spring-test-4.1.1.RELEASE.jar:4.1.1.RELEASE]
	at org.junit.internal.runners.model.ReflectiveCallable.run(ReflectiveCallable.java:12) [junit-4.11.jar:na]
	at org.springframework.test.context.junit4.SpringJUnit4ClassRunner.methodBlock(SpringJUnit4ClassRunner.java:253) [spring-test-4.1.1.RELEASE.jar:4.1.1.RELEASE]
	at org.springframework.test.context.junit4.SpringJUnit4ClassRunner.runChild(SpringJUnit4ClassRunner.java:216) [spring-test-4.1.1.RELEASE.jar:4.1.1.RELEASE]
	at org.springframework.test.context.junit4.SpringJUnit4ClassRunner.runChild(SpringJUnit4ClassRunner.java:82) [spring-test-4.1.1.RELEASE.jar:4.1.1.RELEASE]
	at org.junit.runners.ParentRunner$3.run(ParentRunner.java:238) [junit-4.11.jar:na]
	at org.junit.runners.ParentRunner$1.schedule(ParentRunner.java:63) [junit-4.11.jar:na]
	at org.junit.runners.ParentRunner.runChildren(ParentRunner.java:236) [junit-4.11.jar:na]
	at org.junit.runners.ParentRunner.access$000(ParentRunner.java:53) [junit-4.11.jar:na]
	at org.junit.runners.ParentRunner$2.evaluate(ParentRunner.java:229) [junit-4.11.jar:na]
	at org.springframework.test.context.junit4.statements.RunBeforeTestClassCallbacks.evaluate(RunBeforeTestClassCallbacks.java:60) [spring-test-4.1.1.RELEASE.jar:4.1.1.RELEASE]
	at org.springframework.test.context.junit4.statements.RunAfterTestClassCallbacks.evaluate(RunAfterTestClassCallbacks.java:67) [spring-test-4.1.1.RELEASE.jar:4.1.1.RELEASE]
	at org.junit.runners.ParentRunner.run(ParentRunner.java:309) [junit-4.11.jar:na]
	at org.springframework.test.context.junit4.SpringJUnit4ClassRunner.run(SpringJUnit4ClassRunner.java:162) [spring-test-4.1.1.RELEASE.jar:4.1.1.RELEASE]
	at org.eclipse.jdt.internal.junit4.runner.JUnit4TestReference.run(JUnit4TestReference.java:50) [.cp/:na]
	at org.eclipse.jdt.internal.junit.runner.TestExecution.run(TestExecution.java:38) [.cp/:na]
	at org.eclipse.jdt.internal.junit.runner.RemoteTestRunner.runTests(RemoteTestRunner.java:467) [.cp/:na]
	at org.eclipse.jdt.internal.junit.runner.RemoteTestRunner.runTests(RemoteTestRunner.java:683) [.cp/:na]
	at org.eclipse.jdt.internal.junit.runner.RemoteTestRunner.run(RemoteTestRunner.java:390) [.cp/:na]
	at org.eclipse.jdt.internal.junit.runner.RemoteTestRunner.main(RemoteTestRunner.java:197) [.cp/:na]
Caused by: org.springframework.beans.factory.BeanCreationException: Could not autowire field: private com.mintour.portal.dao.coupon.CouponCodeDao com.mintour.portal.service.coupon.CouponCodeService.couponCodeDao; nested exception is org.springframework.beans.factory.NoSuchBeanDefinitionException: No qualifying bean of type [com.mintour.portal.dao.coupon.CouponCodeDao] found for dependency: expected at least 1 bean which qualifies as autowire candidate for this dependency. Dependency annotations: {@org.springframework.beans.factory.annotation.Autowired(required=true)}
	at org.springframework.beans.factory.annotation.AutowiredAnnotationBeanPostProcessor$AutowiredFieldElement.inject(AutowiredAnnotationBeanPostProcessor.java:555) ~[spring-beans-4.1.1.RELEASE.jar:4.1.1.RELEASE]
	at org.springframework.beans.factory.annotation.InjectionMetadata.inject(InjectionMetadata.java:87) ~[spring-beans-4.1.1.RELEASE.jar:4.1.1.RELEASE]
	at org.springframework.beans.factory.annotation.AutowiredAnnotationBeanPostProcessor.postProcessPropertyValues(AutowiredAnnotationBeanPostProcessor.java:331) ~[spring-beans-4.1.1.RELEASE.jar:4.1.1.RELEASE]
	... 41 common frames omitted
Caused by: org.springframework.beans.factory.NoSuchBeanDefinitionException: No qualifying bean of type [com.mintour.portal.dao.coupon.CouponCodeDao] found for dependency: expected at least 1 bean which qualifies as autowire candidate for this dependency. Dependency annotations: {@org.springframework.beans.factory.annotation.Autowired(required=true)}
	at org.springframework.beans.factory.support.DefaultListableBeanFactory.raiseNoSuchBeanDefinitionException(DefaultListableBeanFactory.java:1261) ~[spring-beans-4.1.1.RELEASE.jar:4.1.1.RELEASE]
	at org.springframework.beans.factory.support.DefaultListableBeanFactory.doResolveDependency(DefaultListableBeanFactory.java:1009) ~[spring-beans-4.1.1.RELEASE.jar:4.1.1.RELEASE]
	at org.springframework.beans.factory.support.DefaultListableBeanFactory.resolveDependency(DefaultListableBeanFactory.java:904) ~[spring-beans-4.1.1.RELEASE.jar:4.1.1.RELEASE]
	at org.springframework.beans.factory.annotation.AutowiredAnnotationBeanPostProcessor$AutowiredFieldElement.inject(AutowiredAnnotationBeanPostProcessor.java:527) ~[spring-beans-4.1.1.RELEASE.jar:4.1.1.RELEASE]
	... 43 common frames omitted
  2015-09-29 19:01:02,888 [main] INFO  [org.springframework.cache.ehcache.EhCacheManagerFactoryBean:181] - Shutting down EhCache CacheManager
  2015-09-29 19:01:02,914 [main] ERROR [org.springframework.test.context.TestContextManager:215] - Caught exception while allowing TestExecutionListener [org.springframework.test.context.support.DependencyInjectionTestExecutionListener@39ed1b0b] to prepare test instance [com.rising.app.test.CouponTest@5796de29]
java.lang.IllegalStateException: Failed to load ApplicationContext
	at org.springframework.test.context.DefaultCacheAwareContextLoaderDelegate.loadContext(DefaultCacheAwareContextLoaderDelegate.java:91) ~[spring-test-4.1.1.RELEASE.jar:4.1.1.RELEASE]
	at org.springframework.test.context.DefaultTestContext.getApplicationContext(DefaultTestContext.java:74) ~[spring-test-4.1.1.RELEASE.jar:4.1.1.RELEASE]
	at org.springframework.test.context.support.DependencyInjectionTestExecutionListener.injectDependencies(DependencyInjectionTestExecutionListener.java:116) ~[spring-test-4.1.1.RELEASE.jar:4.1.1.RELEASE]
	at org.springframework.test.context.support.DependencyInjectionTestExecutionListener.prepareTestInstance(DependencyInjectionTestExecutionListener.java:82) ~[spring-test-4.1.1.RELEASE.jar:4.1.1.RELEASE]
	at org.springframework.test.context.TestContextManager.prepareTestInstance(TestContextManager.java:212) ~[spring-test-4.1.1.RELEASE.jar:4.1.1.RELEASE]
	at org.springframework.test.context.junit4.SpringJUnit4ClassRunner.createTest(SpringJUnit4ClassRunner.java:199) [spring-test-4.1.1.RELEASE.jar:4.1.1.RELEASE]
	at org.springframework.test.context.junit4.SpringJUnit4ClassRunner$1.runReflectiveCall(SpringJUnit4ClassRunner.java:251) [spring-test-4.1.1.RELEASE.jar:4.1.1.RELEASE]
	at org.junit.internal.runners.model.ReflectiveCallable.run(ReflectiveCallable.java:12) [junit-4.11.jar:na]
	at org.springframework.test.context.junit4.SpringJUnit4ClassRunner.methodBlock(SpringJUnit4ClassRunner.java:253) [spring-test-4.1.1.RELEASE.jar:4.1.1.RELEASE]
	at org.springframework.test.context.junit4.SpringJUnit4ClassRunner.runChild(SpringJUnit4ClassRunner.java:216) [spring-test-4.1.1.RELEASE.jar:4.1.1.RELEASE]
	at org.springframework.test.context.junit4.SpringJUnit4ClassRunner.runChild(SpringJUnit4ClassRunner.java:82) [spring-test-4.1.1.RELEASE.jar:4.1.1.RELEASE]
	at org.junit.runners.ParentRunner$3.run(ParentRunner.java:238) [junit-4.11.jar:na]
	at org.junit.runners.ParentRunner$1.schedule(ParentRunner.java:63) [junit-4.11.jar:na]
	at org.junit.runners.ParentRunner.runChildren(ParentRunner.java:236) [junit-4.11.jar:na]
	at org.junit.runners.ParentRunner.access$000(ParentRunner.java:53) [junit-4.11.jar:na]
	at org.junit.runners.ParentRunner$2.evaluate(ParentRunner.java:229) [junit-4.11.jar:na]
	at org.springframework.test.context.junit4.statements.RunBeforeTestClassCallbacks.evaluate(RunBeforeTestClassCallbacks.java:60) [spring-test-4.1.1.RELEASE.jar:4.1.1.RELEASE]
	at org.springframework.test.context.junit4.statements.RunAfterTestClassCallbacks.evaluate(RunAfterTestClassCallbacks.java:67) [spring-test-4.1.1.RELEASE.jar:4.1.1.RELEASE]
	at org.junit.runners.ParentRunner.run(ParentRunner.java:309) [junit-4.11.jar:na]
	at org.springframework.test.context.junit4.SpringJUnit4ClassRunner.run(SpringJUnit4ClassRunner.java:162) [spring-test-4.1.1.RELEASE.jar:4.1.1.RELEASE]
	at org.eclipse.jdt.internal.junit4.runner.JUnit4TestReference.run(JUnit4TestReference.java:50) [.cp/:na]
	at org.eclipse.jdt.internal.junit.runner.TestExecution.run(TestExecution.java:38) [.cp/:na]
	at org.eclipse.jdt.internal.junit.runner.RemoteTestRunner.runTests(RemoteTestRunner.java:467) [.cp/:na]
	at org.eclipse.jdt.internal.junit.runner.RemoteTestRunner.runTests(RemoteTestRunner.java:683) [.cp/:na]
	at org.eclipse.jdt.internal.junit.runner.RemoteTestRunner.run(RemoteTestRunner.java:390) [.cp/:na]
	at org.eclipse.jdt.internal.junit.runner.RemoteTestRunner.main(RemoteTestRunner.java:197) [.cp/:na]
Caused by: org.springframework.beans.factory.BeanCreationException: Error creating bean with name 'couponCodeService': Injection of autowired dependencies failed; nested exception is org.springframework.beans.factory.BeanCreationException: Could not autowire field: private com.mintour.portal.dao.coupon.CouponCodeDao com.mintour.portal.service.coupon.CouponCodeService.couponCodeDao; nested exception is org.springframework.beans.factory.NoSuchBeanDefinitionException: No qualifying bean of type [com.mintour.portal.dao.coupon.CouponCodeDao] found for dependency: expected at least 1 bean which qualifies as autowire candidate for this dependency. Dependency annotations: {@org.springframework.beans.factory.annotation.Autowired(required=true)}
	at org.springframework.beans.factory.annotation.AutowiredAnnotationBeanPostProcessor.postProcessPropertyValues(AutowiredAnnotationBeanPostProcessor.java:334) ~[spring-beans-4.1.1.RELEASE.jar:4.1.1.RELEASE]
	at org.springframework.beans.factory.support.AbstractAutowireCapableBeanFactory.populateBean(AbstractAutowireCapableBeanFactory.java:1204) ~[spring-beans-4.1.1.RELEASE.jar:4.1.1.RELEASE]
	at org.springframework.beans.factory.support.AbstractAutowireCapableBeanFactory.doCreateBean(AbstractAutowireCapableBeanFactory.java:538) ~[spring-beans-4.1.1.RELEASE.jar:4.1.1.RELEASE]
	at org.springframework.beans.factory.support.AbstractAutowireCapableBeanFactory.createBean(AbstractAutowireCapableBeanFactory.java:476) ~[spring-beans-4.1.1.RELEASE.jar:4.1.1.RELEASE]
	at org.springframework.beans.factory.support.AbstractBeanFactory$1.getObject(AbstractBeanFactory.java:302) ~[spring-beans-4.1.1.RELEASE.jar:4.1.1.RELEASE]
	at org.springframework.beans.factory.support.DefaultSingletonBeanRegistry.getSingleton(DefaultSingletonBeanRegistry.java:229) ~[spring-beans-4.1.1.RELEASE.jar:4.1.1.RELEASE]
	at org.springframework.beans.factory.support.AbstractBeanFactory.doGetBean(AbstractBeanFactory.java:298) ~[spring-beans-4.1.1.RELEASE.jar:4.1.1.RELEASE]
	at org.springframework.beans.factory.support.AbstractBeanFactory.getBean(AbstractBeanFactory.java:193) ~[spring-beans-4.1.1.RELEASE.jar:4.1.1.RELEASE]
	at org.springframework.beans.factory.support.DefaultListableBeanFactory.preInstantiateSingletons(DefaultListableBeanFactory.java:725) ~[spring-beans-4.1.1.RELEASE.jar:4.1.1.RELEASE]
	at org.springframework.context.support.AbstractApplicationContext.finishBeanFactoryInitialization(AbstractApplicationContext.java:757) ~[spring-context-4.1.1.RELEASE.jar:4.1.1.RELEASE]
	at org.springframework.context.support.AbstractApplicationContext.refresh(AbstractApplicationContext.java:480) ~[spring-context-4.1.1.RELEASE.jar:4.1.1.RELEASE]
	at org.springframework.test.context.support.AbstractGenericContextLoader.loadContext(AbstractGenericContextLoader.java:125) ~[spring-test-4.1.1.RELEASE.jar:4.1.1.RELEASE]
	at org.springframework.test.context.support.AbstractGenericContextLoader.loadContext(AbstractGenericContextLoader.java:60) ~[spring-test-4.1.1.RELEASE.jar:4.1.1.RELEASE]
	at org.springframework.test.context.support.AbstractDelegatingSmartContextLoader.delegateLoading(AbstractDelegatingSmartContextLoader.java:108) ~[spring-test-4.1.1.RELEASE.jar:4.1.1.RELEASE]
	at org.springframework.test.context.support.AbstractDelegatingSmartContextLoader.loadContext(AbstractDelegatingSmartContextLoader.java:260) ~[spring-test-4.1.1.RELEASE.jar:4.1.1.RELEASE]
	at org.springframework.test.context.DefaultCacheAwareContextLoaderDelegate.loadContextInternal(DefaultCacheAwareContextLoaderDelegate.java:63) ~[spring-test-4.1.1.RELEASE.jar:4.1.1.RELEASE]
	at org.springframework.test.context.DefaultCacheAwareContextLoaderDelegate.loadContext(DefaultCacheAwareContextLoaderDelegate.java:83) ~[spring-test-4.1.1.RELEASE.jar:4.1.1.RELEASE]
	... 25 common frames omitted
Caused by: org.springframework.beans.factory.BeanCreationException: Could not autowire field: private com.mintour.portal.dao.coupon.CouponCodeDao com.mintour.portal.service.coupon.CouponCodeService.couponCodeDao; nested exception is org.springframework.beans.factory.NoSuchBeanDefinitionException: No qualifying bean of type [com.mintour.portal.dao.coupon.CouponCodeDao] found for dependency: expected at least 1 bean which qualifies as autowire candidate for this dependency. Dependency annotations: {@org.springframework.beans.factory.annotation.Autowired(required=true)}
	at org.springframework.beans.factory.annotation.AutowiredAnnotationBeanPostProcessor$AutowiredFieldElement.inject(AutowiredAnnotationBeanPostProcessor.java:555) ~[spring-beans-4.1.1.RELEASE.jar:4.1.1.RELEASE]
	at org.springframework.beans.factory.annotation.InjectionMetadata.inject(InjectionMetadata.java:87) ~[spring-beans-4.1.1.RELEASE.jar:4.1.1.RELEASE]
	at org.springframework.beans.factory.annotation.AutowiredAnnotationBeanPostProcessor.postProcessPropertyValues(AutowiredAnnotationBeanPostProcessor.java:331) ~[spring-beans-4.1.1.RELEASE.jar:4.1.1.RELEASE]
	... 41 common frames omitted
Caused by: org.springframework.beans.factory.NoSuchBeanDefinitionException: No qualifying bean of type [com.mintour.portal.dao.coupon.CouponCodeDao] found for dependency: expected at least 1 bean which qualifies as autowire candidate for this dependency. Dependency annotations: {@org.springframework.beans.factory.annotation.Autowired(required=true)}
	at org.springframework.beans.factory.support.DefaultListableBeanFactory.raiseNoSuchBeanDefinitionException(DefaultListableBeanFactory.java:1261) ~[spring-beans-4.1.1.RELEASE.jar:4.1.1.RELEASE]
	at org.springframework.beans.factory.support.DefaultListableBeanFactory.doResolveDependency(DefaultListableBeanFactory.java:1009) ~[spring-beans-4.1.1.RELEASE.jar:4.1.1.RELEASE]
	at org.springframework.beans.factory.support.DefaultListableBeanFactory.resolveDependency(DefaultListableBeanFactory.java:904) ~[spring-beans-4.1.1.RELEASE.jar:4.1.1.RELEASE]
	at org.springframework.beans.factory.annotation.AutowiredAnnotationBeanPostProcessor$AutowiredFieldElement.inject(AutowiredAnnotationBeanPostProcessor.java:527) ~[spring-beans-4.1.1.RELEASE.jar:4.1.1.RELEASE]
	... 43 common frames omitted
  2015-09-29 19:02:08,049 [main] INFO  [org.springframework.test.context.support.DefaultTestContextBootstrapper:181] - Using TestExecutionListeners: [org.springframework.test.context.web.ServletTestExecutionListener@6a47a0d4, org.springframework.test.context.support.DependencyInjectionTestExecutionListener@48ff4cf, org.springframework.test.context.support.DirtiesContextTestExecutionListener@7114460]
  2015-09-29 19:02:08,163 [main] INFO  [org.springframework.beans.factory.xml.XmlBeanDefinitionReader:317] - Loading XML bean definitions from class path resource [applicationContext-core.xml]
  2015-09-29 19:02:08,442 [main] INFO  [org.springframework.context.support.GenericApplicationContext:510] - Refreshing org.springframework.context.support.GenericApplicationContext@65efb4be: startup date [Tue Sep 29 19:02:08 CST 2015]; root of context hierarchy
  2015-09-29 19:02:08,898 [main] INFO  [org.springframework.context.support.PostProcessorRegistrationDelegate$BeanPostProcessorChecker:309] - Bean 'portalUserDao' of type [class com.mintour.portal.dao.user.PortalUserDao] is not eligible for getting processed by all BeanPostProcessors (for example: not eligible for auto-proxying)
  2015-09-29 19:02:08,904 [main] INFO  [org.apache.shiro.realm.AuthorizingRealm:248] - No cache or cacheManager properties have been set.  Authorization cache cannot be obtained.
  2015-09-29 19:02:08,905 [main] INFO  [org.springframework.context.support.PostProcessorRegistrationDelegate$BeanPostProcessorChecker:309] - Bean 'systemAuthorizingRealm' of type [class com.mintour.portal.service.common.SystemAuthorizingRealm] is not eligible for getting processed by all BeanPostProcessors (for example: not eligible for auto-proxying)
  2015-09-29 19:02:08,912 [main] INFO  [org.springframework.cache.ehcache.EhCacheManagerFactoryBean:129] - Initializing EhCache CacheManager
  2015-09-29 19:02:09,043 [main] INFO  [org.springframework.context.support.PostProcessorRegistrationDelegate$BeanPostProcessorChecker:309] - Bean 'ehCacheManager' of type [class org.springframework.cache.ehcache.EhCacheManagerFactoryBean] is not eligible for getting processed by all BeanPostProcessors (for example: not eligible for auto-proxying)
  2015-09-29 19:02:09,044 [main] INFO  [org.springframework.context.support.PostProcessorRegistrationDelegate$BeanPostProcessorChecker:309] - Bean 'ehCacheManager' of type [class net.sf.ehcache.CacheManager] is not eligible for getting processed by all BeanPostProcessors (for example: not eligible for auto-proxying)
  2015-09-29 19:02:09,045 [main] INFO  [org.springframework.context.support.PostProcessorRegistrationDelegate$BeanPostProcessorChecker:309] - Bean 'shiroCacheManager' of type [class org.apache.shiro.cache.ehcache.EhCacheManager] is not eligible for getting processed by all BeanPostProcessors (for example: not eligible for auto-proxying)
  2015-09-29 19:02:09,046 [main] INFO  [org.apache.shiro.cache.ehcache.EhCacheManager:159] - Cache with name 'com.mintour.portal.service.common.SystemAuthorizingRealm.authorizationCache' does not yet exist.  Creating now.
  2015-09-29 19:02:09,113 [main] INFO  [org.apache.shiro.cache.ehcache.EhCacheManager:166] - Added EhCache named [com.mintour.portal.service.common.SystemAuthorizingRealm.authorizationCache]
  2015-09-29 19:02:09,115 [main] INFO  [org.springframework.context.support.PostProcessorRegistrationDelegate$BeanPostProcessorChecker:309] - Bean 'securityManager' of type [class org.apache.shiro.web.mgt.DefaultWebSecurityManager] is not eligible for getting processed by all BeanPostProcessors (for example: not eligible for auto-proxying)
  2015-09-29 19:02:09,116 [main] INFO  [org.springframework.context.support.PostProcessorRegistrationDelegate$BeanPostProcessorChecker:309] - Bean 'org.apache.shiro.spring.security.interceptor.AuthorizationAttributeSourceAdvisor#0' of type [class org.apache.shiro.spring.security.interceptor.AuthorizationAttributeSourceAdvisor] is not eligible for getting processed by all BeanPostProcessors (for example: not eligible for auto-proxying)
  2015-09-29 19:02:10,759 [Thread-9] INFO  [org.springframework.context.support.GenericApplicationContext:862] - Closing org.springframework.context.support.GenericApplicationContext@65efb4be: startup date [Tue Sep 29 19:02:08 CST 2015]; root of context hierarchy
  2015-09-29 19:02:10,762 [Thread-9] INFO  [org.springframework.cache.ehcache.EhCacheManagerFactoryBean:181] - Shutting down EhCache CacheManager
  2015-09-29 19:03:57,335 [main] INFO  [org.springframework.test.context.support.DefaultTestContextBootstrapper:181] - Using TestExecutionListeners: [org.springframework.test.context.web.ServletTestExecutionListener@5c1ae90c, org.springframework.test.context.support.DependencyInjectionTestExecutionListener@6aba4211, org.springframework.test.context.support.DirtiesContextTestExecutionListener@6a47a0d4]
  2015-09-29 19:03:57,524 [main] INFO  [org.springframework.beans.factory.xml.XmlBeanDefinitionReader:317] - Loading XML bean definitions from class path resource [applicationContext-core.xml]
  2015-09-29 19:03:57,838 [main] INFO  [org.springframework.context.support.GenericApplicationContext:510] - Refreshing org.springframework.context.support.GenericApplicationContext@6632060c: startup date [Tue Sep 29 19:03:57 CST 2015]; root of context hierarchy
  2015-09-29 19:03:58,277 [main] INFO  [org.springframework.context.support.PostProcessorRegistrationDelegate$BeanPostProcessorChecker:309] - Bean 'portalUserDao' of type [class com.mintour.portal.dao.user.PortalUserDao] is not eligible for getting processed by all BeanPostProcessors (for example: not eligible for auto-proxying)
  2015-09-29 19:03:58,283 [main] INFO  [org.apache.shiro.realm.AuthorizingRealm:248] - No cache or cacheManager properties have been set.  Authorization cache cannot be obtained.
  2015-09-29 19:03:58,284 [main] INFO  [org.springframework.context.support.PostProcessorRegistrationDelegate$BeanPostProcessorChecker:309] - Bean 'systemAuthorizingRealm' of type [class com.mintour.portal.service.common.SystemAuthorizingRealm] is not eligible for getting processed by all BeanPostProcessors (for example: not eligible for auto-proxying)
  2015-09-29 19:03:58,293 [main] INFO  [org.springframework.cache.ehcache.EhCacheManagerFactoryBean:129] - Initializing EhCache CacheManager
  2015-09-29 19:03:58,395 [main] INFO  [org.springframework.context.support.PostProcessorRegistrationDelegate$BeanPostProcessorChecker:309] - Bean 'ehCacheManager' of type [class org.springframework.cache.ehcache.EhCacheManagerFactoryBean] is not eligible for getting processed by all BeanPostProcessors (for example: not eligible for auto-proxying)
  2015-09-29 19:03:58,396 [main] INFO  [org.springframework.context.support.PostProcessorRegistrationDelegate$BeanPostProcessorChecker:309] - Bean 'ehCacheManager' of type [class net.sf.ehcache.CacheManager] is not eligible for getting processed by all BeanPostProcessors (for example: not eligible for auto-proxying)
  2015-09-29 19:03:58,397 [main] INFO  [org.springframework.context.support.PostProcessorRegistrationDelegate$BeanPostProcessorChecker:309] - Bean 'shiroCacheManager' of type [class org.apache.shiro.cache.ehcache.EhCacheManager] is not eligible for getting processed by all BeanPostProcessors (for example: not eligible for auto-proxying)
  2015-09-29 19:03:58,398 [main] INFO  [org.apache.shiro.cache.ehcache.EhCacheManager:159] - Cache with name 'com.mintour.portal.service.common.SystemAuthorizingRealm.authorizationCache' does not yet exist.  Creating now.
  2015-09-29 19:03:58,439 [main] INFO  [org.apache.shiro.cache.ehcache.EhCacheManager:166] - Added EhCache named [com.mintour.portal.service.common.SystemAuthorizingRealm.authorizationCache]
  2015-09-29 19:03:58,441 [main] INFO  [org.springframework.context.support.PostProcessorRegistrationDelegate$BeanPostProcessorChecker:309] - Bean 'securityManager' of type [class org.apache.shiro.web.mgt.DefaultWebSecurityManager] is not eligible for getting processed by all BeanPostProcessors (for example: not eligible for auto-proxying)
  2015-09-29 19:03:58,441 [main] INFO  [org.springframework.context.support.PostProcessorRegistrationDelegate$BeanPostProcessorChecker:309] - Bean 'org.apache.shiro.spring.security.interceptor.AuthorizationAttributeSourceAdvisor#0' of type [class org.apache.shiro.spring.security.interceptor.AuthorizationAttributeSourceAdvisor] is not eligible for getting processed by all BeanPostProcessors (for example: not eligible for auto-proxying)
  2015-09-29 19:03:59,764 [Thread-9] INFO  [org.springframework.context.support.GenericApplicationContext:862] - Closing org.springframework.context.support.GenericApplicationContext@6632060c: startup date [Tue Sep 29 19:03:57 CST 2015]; root of context hierarchy
  2015-09-29 19:03:59,772 [Thread-9] INFO  [org.springframework.cache.ehcache.EhCacheManagerFactoryBean:181] - Shutting down EhCache CacheManager
  2015-09-29 19:06:29,682 [main] INFO  [org.springframework.test.context.support.DefaultTestContextBootstrapper:181] - Using TestExecutionListeners: [org.springframework.test.context.web.ServletTestExecutionListener@4d8ce14a, org.springframework.test.context.support.DependencyInjectionTestExecutionListener@5c1ae90c, org.springframework.test.context.support.DirtiesContextTestExecutionListener@6aba4211]
  2015-09-29 19:06:29,834 [main] INFO  [org.springframework.beans.factory.xml.XmlBeanDefinitionReader:317] - Loading XML bean definitions from class path resource [applicationContext-core.xml]
  2015-09-29 19:06:30,187 [main] INFO  [org.springframework.context.support.GenericApplicationContext:510] - Refreshing org.springframework.context.support.GenericApplicationContext@209444d1: startup date [Tue Sep 29 19:06:30 CST 2015]; root of context hierarchy
  2015-09-29 19:06:30,579 [main] INFO  [org.springframework.context.support.PostProcessorRegistrationDelegate$BeanPostProcessorChecker:309] - Bean 'portalUserDao' of type [class com.mintour.portal.dao.user.PortalUserDao] is not eligible for getting processed by all BeanPostProcessors (for example: not eligible for auto-proxying)
  2015-09-29 19:06:30,584 [main] INFO  [org.apache.shiro.realm.AuthorizingRealm:248] - No cache or cacheManager properties have been set.  Authorization cache cannot be obtained.
  2015-09-29 19:06:30,584 [main] INFO  [org.springframework.context.support.PostProcessorRegistrationDelegate$BeanPostProcessorChecker:309] - Bean 'systemAuthorizingRealm' of type [class com.mintour.portal.service.common.SystemAuthorizingRealm] is not eligible for getting processed by all BeanPostProcessors (for example: not eligible for auto-proxying)
  2015-09-29 19:06:30,590 [main] INFO  [org.springframework.cache.ehcache.EhCacheManagerFactoryBean:129] - Initializing EhCache CacheManager
  2015-09-29 19:06:30,693 [main] INFO  [org.springframework.context.support.PostProcessorRegistrationDelegate$BeanPostProcessorChecker:309] - Bean 'ehCacheManager' of type [class org.springframework.cache.ehcache.EhCacheManagerFactoryBean] is not eligible for getting processed by all BeanPostProcessors (for example: not eligible for auto-proxying)
  2015-09-29 19:06:30,694 [main] INFO  [org.springframework.context.support.PostProcessorRegistrationDelegate$BeanPostProcessorChecker:309] - Bean 'ehCacheManager' of type [class net.sf.ehcache.CacheManager] is not eligible for getting processed by all BeanPostProcessors (for example: not eligible for auto-proxying)
  2015-09-29 19:06:30,694 [main] INFO  [org.springframework.context.support.PostProcessorRegistrationDelegate$BeanPostProcessorChecker:309] - Bean 'shiroCacheManager' of type [class org.apache.shiro.cache.ehcache.EhCacheManager] is not eligible for getting processed by all BeanPostProcessors (for example: not eligible for auto-proxying)
  2015-09-29 19:06:30,695 [main] INFO  [org.apache.shiro.cache.ehcache.EhCacheManager:159] - Cache with name 'com.mintour.portal.service.common.SystemAuthorizingRealm.authorizationCache' does not yet exist.  Creating now.
  2015-09-29 19:06:30,736 [main] INFO  [org.apache.shiro.cache.ehcache.EhCacheManager:166] - Added EhCache named [com.mintour.portal.service.common.SystemAuthorizingRealm.authorizationCache]
  2015-09-29 19:06:30,737 [main] INFO  [org.springframework.context.support.PostProcessorRegistrationDelegate$BeanPostProcessorChecker:309] - Bean 'securityManager' of type [class org.apache.shiro.web.mgt.DefaultWebSecurityManager] is not eligible for getting processed by all BeanPostProcessors (for example: not eligible for auto-proxying)
  2015-09-29 19:06:30,738 [main] INFO  [org.springframework.context.support.PostProcessorRegistrationDelegate$BeanPostProcessorChecker:309] - Bean 'org.apache.shiro.spring.security.interceptor.AuthorizationAttributeSourceAdvisor#0' of type [class org.apache.shiro.spring.security.interceptor.AuthorizationAttributeSourceAdvisor] is not eligible for getting processed by all BeanPostProcessors (for example: not eligible for auto-proxying)
  2015-09-29 19:06:31,840 [Thread-9] INFO  [org.springframework.context.support.GenericApplicationContext:862] - Closing org.springframework.context.support.GenericApplicationContext@209444d1: startup date [Tue Sep 29 19:06:30 CST 2015]; root of context hierarchy
  2015-09-29 19:06:31,864 [Thread-9] INFO  [org.springframework.cache.ehcache.EhCacheManagerFactoryBean:181] - Shutting down EhCache CacheManager
  2015-09-29 19:14:34,378 [main] INFO  [org.springframework.test.context.support.DefaultTestContextBootstrapper:181] - Using TestExecutionListeners: [org.springframework.test.context.web.ServletTestExecutionListener@39ed1b0b, org.springframework.test.context.support.DependencyInjectionTestExecutionListener@7d8a8ce2, org.springframework.test.context.support.DirtiesContextTestExecutionListener@132789d2]
  2015-09-29 19:14:34,720 [main] INFO  [org.springframework.beans.factory.xml.XmlBeanDefinitionReader:317] - Loading XML bean definitions from class path resource [applicationContext-core.xml]
  2015-09-29 19:14:35,278 [main] INFO  [org.springframework.context.support.GenericApplicationContext:510] - Refreshing org.springframework.context.support.GenericApplicationContext@7ae35bb7: startup date [Tue Sep 29 19:14:35 CST 2015]; root of context hierarchy
  2015-09-29 19:14:35,802 [main] INFO  [org.springframework.context.support.PostProcessorRegistrationDelegate$BeanPostProcessorChecker:309] - Bean 'portalUserDao' of type [class com.mintour.portal.dao.user.PortalUserDao] is not eligible for getting processed by all BeanPostProcessors (for example: not eligible for auto-proxying)
  2015-09-29 19:14:35,811 [main] INFO  [org.apache.shiro.realm.AuthorizingRealm:248] - No cache or cacheManager properties have been set.  Authorization cache cannot be obtained.
  2015-09-29 19:14:35,811 [main] INFO  [org.springframework.context.support.PostProcessorRegistrationDelegate$BeanPostProcessorChecker:309] - Bean 'systemAuthorizingRealm' of type [class com.mintour.portal.service.common.SystemAuthorizingRealm] is not eligible for getting processed by all BeanPostProcessors (for example: not eligible for auto-proxying)
  2015-09-29 19:14:35,818 [main] INFO  [org.springframework.cache.ehcache.EhCacheManagerFactoryBean:129] - Initializing EhCache CacheManager
  2015-09-29 19:14:36,185 [main] INFO  [org.springframework.context.support.PostProcessorRegistrationDelegate$BeanPostProcessorChecker:309] - Bean 'ehCacheManager' of type [class org.springframework.cache.ehcache.EhCacheManagerFactoryBean] is not eligible for getting processed by all BeanPostProcessors (for example: not eligible for auto-proxying)
  2015-09-29 19:14:36,196 [main] INFO  [org.springframework.context.support.PostProcessorRegistrationDelegate$BeanPostProcessorChecker:309] - Bean 'ehCacheManager' of type [class net.sf.ehcache.CacheManager] is not eligible for getting processed by all BeanPostProcessors (for example: not eligible for auto-proxying)
  2015-09-29 19:14:36,197 [main] INFO  [org.springframework.context.support.PostProcessorRegistrationDelegate$BeanPostProcessorChecker:309] - Bean 'shiroCacheManager' of type [class org.apache.shiro.cache.ehcache.EhCacheManager] is not eligible for getting processed by all BeanPostProcessors (for example: not eligible for auto-proxying)
  2015-09-29 19:14:36,198 [main] INFO  [org.apache.shiro.cache.ehcache.EhCacheManager:159] - Cache with name 'com.mintour.portal.service.common.SystemAuthorizingRealm.authorizationCache' does not yet exist.  Creating now.
  2015-09-29 19:14:36,363 [main] INFO  [org.apache.shiro.cache.ehcache.EhCacheManager:166] - Added EhCache named [com.mintour.portal.service.common.SystemAuthorizingRealm.authorizationCache]
  2015-09-29 19:14:36,364 [main] INFO  [org.springframework.context.support.PostProcessorRegistrationDelegate$BeanPostProcessorChecker:309] - Bean 'securityManager' of type [class org.apache.shiro.web.mgt.DefaultWebSecurityManager] is not eligible for getting processed by all BeanPostProcessors (for example: not eligible for auto-proxying)
  2015-09-29 19:14:36,365 [main] INFO  [org.springframework.context.support.PostProcessorRegistrationDelegate$BeanPostProcessorChecker:309] - Bean 'org.apache.shiro.spring.security.interceptor.AuthorizationAttributeSourceAdvisor#0' of type [class org.apache.shiro.spring.security.interceptor.AuthorizationAttributeSourceAdvisor] is not eligible for getting processed by all BeanPostProcessors (for example: not eligible for auto-proxying)
  2015-09-29 19:14:37,847 [Thread-9] INFO  [org.springframework.context.support.GenericApplicationContext:862] - Closing org.springframework.context.support.GenericApplicationContext@7ae35bb7: startup date [Tue Sep 29 19:14:35 CST 2015]; root of context hierarchy
  2015-09-29 19:14:37,852 [Thread-9] INFO  [org.springframework.cache.ehcache.EhCacheManagerFactoryBean:181] - Shutting down EhCache CacheManager
